[2024-09-27 10:28:52] local.ERROR: SQLSTATE[HY000] [1045] Access denied for user 'root'@'127.0.0.1' (using password: NO) (Connection: mysql, SQL: select * from `business_settings` limit 1) {"exception":"[object] (Illuminate\\Database\\QueryException(code: 1045): SQLSTATE[HY000] [1045] Access denied for user 'root'@'127.0.0.1' (using password: NO) (Connection: mysql, SQL: select * from `business_settings` limit 1) at /home/u873845176/domains/rosybrown-lapwing-607509.hostingersite.com/public_html/vendor/laravel/framework/src/Illuminate/Database/Connection.php:829)
[stacktrace]
#0 /home/u873845176/domains/rosybrown-lapwing-607509.hostingersite.com/public_html/vendor/laravel/framework/src/Illuminate/Database/Connection.php(783): Illuminate\\Database\\Connection->runQueryCallback()
#1 /home/u873845176/domains/rosybrown-lapwing-607509.hostingersite.com/public_html/vendor/laravel/framework/src/Illuminate/Database/Connection.php(431): Illuminate\\Database\\Connection->run()
#2 /home/u873845176/domains/rosybrown-lapwing-607509.hostingersite.com/public_html/vendor/laravel/framework/src/Illuminate/Database/Query/Builder.php(2872): Illuminate\\Database\\Connection->select()
#3 /home/u873845176/domains/rosybrown-lapwing-607509.hostingersite.com/public_html/vendor/laravel/framework/src/Illuminate/Database/Query/Builder.php(2860): Illuminate\\Database\\Query\\Builder->runSelect()
#4 /home/u873845176/domains/rosybrown-lapwing-607509.hostingersite.com/public_html/vendor/laravel/framework/src/Illuminate/Database/Query/Builder.php(3414): Illuminate\\Database\\Query\\Builder->Illuminate\\Database\\Query\\{closure}()
#5 /home/u873845176/domains/rosybrown-lapwing-607509.hostingersite.com/public_html/vendor/laravel/framework/src/Illuminate/Database/Query/Builder.php(2861): Illuminate\\Database\\Query\\Builder->onceWithColumns()
#6 /home/u873845176/domains/rosybrown-lapwing-607509.hostingersite.com/public_html/vendor/laravel/framework/src/Illuminate/Database/Eloquent/Builder.php(739): Illuminate\\Database\\Query\\Builder->get()
#7 /home/u873845176/domains/rosybrown-lapwing-607509.hostingersite.com/public_html/vendor/laravel/framework/src/Illuminate/Database/Eloquent/Builder.php(723): Illuminate\\Database\\Eloquent\\Builder->getModels()
#8 /home/u873845176/domains/rosybrown-lapwing-607509.hostingersite.com/public_html/vendor/laravel/framework/src/Illuminate/Database/Concerns/BuildsQueries.php(333): Illuminate\\Database\\Eloquent\\Builder->get()
#9 /home/u873845176/domains/rosybrown-lapwing-607509.hostingersite.com/public_html/vendor/laravel/framework/src/Illuminate/Support/Traits/ForwardsCalls.php(23): Illuminate\\Database\\Eloquent\\Builder->first()
#10 /home/u873845176/domains/rosybrown-lapwing-607509.hostingersite.com/public_html/vendor/laravel/framework/src/Illuminate/Database/Eloquent/Model.php(2334): Illuminate\\Database\\Eloquent\\Model->forwardCallTo()
#11 /home/u873845176/domains/rosybrown-lapwing-607509.hostingersite.com/public_html/vendor/laravel/framework/src/Illuminate/Database/Eloquent/Model.php(2346): Illuminate\\Database\\Eloquent\\Model->__call()
#12 /home/u873845176/domains/rosybrown-lapwing-607509.hostingersite.com/public_html/app/Providers/AppServiceProvider.php(34): Illuminate\\Database\\Eloquent\\Model::__callStatic()
#13 /home/u873845176/domains/rosybrown-lapwing-607509.hostingersite.com/public_html/vendor/laravel/framework/src/Illuminate/Container/BoundMethod.php(36): App\\Providers\\AppServiceProvider->boot()
#14 /home/u873845176/domains/rosybrown-lapwing-607509.hostingersite.com/public_html/vendor/laravel/framework/src/Illuminate/Container/Util.php(41): Illuminate\\Container\\BoundMethod::Illuminate\\Container\\{closure}()
#15 /home/u873845176/domains/rosybrown-lapwing-607509.hostingersite.com/public_html/vendor/laravel/framework/src/Illuminate/Container/BoundMethod.php(93): Illuminate\\Container\\Util::unwrapIfClosure()
#16 /home/u873845176/domains/rosybrown-lapwing-607509.hostingersite.com/public_html/vendor/laravel/framework/src/Illuminate/Container/BoundMethod.php(37): Illuminate\\Container\\BoundMethod::callBoundMethod()
#17 /home/u873845176/domains/rosybrown-lapwing-607509.hostingersite.com/public_html/vendor/laravel/framework/src/Illuminate/Container/Container.php(662): Illuminate\\Container\\BoundMethod::call()
#18 /home/u873845176/domains/rosybrown-lapwing-607509.hostingersite.com/public_html/vendor/laravel/framework/src/Illuminate/Foundation/Application.php(1034): Illuminate\\Container\\Container->call()
#19 /home/u873845176/domains/rosybrown-lapwing-607509.hostingersite.com/public_html/vendor/laravel/framework/src/Illuminate/Foundation/Application.php(1015): Illuminate\\Foundation\\Application->bootProvider()
#20 [internal function]: Illuminate\\Foundation\\Application->Illuminate\\Foundation\\{closure}()
#21 /home/u873845176/domains/rosybrown-lapwing-607509.hostingersite.com/public_html/vendor/laravel/framework/src/Illuminate/Foundation/Application.php(1016): array_walk()
#22 /home/u873845176/domains/rosybrown-lapwing-607509.hostingersite.com/public_html/vendor/laravel/framework/src/Illuminate/Foundation/Bootstrap/BootProviders.php(17): Illuminate\\Foundation\\Application->boot()
#23 /home/u873845176/domains/rosybrown-lapwing-607509.hostingersite.com/public_html/vendor/laravel/framework/src/Illuminate/Foundation/Application.php(263): Illuminate\\Foundation\\Bootstrap\\BootProviders->bootstrap()
#24 /home/u873845176/domains/rosybrown-lapwing-607509.hostingersite.com/public_html/vendor/laravel/framework/src/Illuminate/Foundation/Console/Kernel.php(447): Illuminate\\Foundation\\Application->bootstrapWith()
#25 /home/u873845176/domains/rosybrown-lapwing-607509.hostingersite.com/public_html/vendor/laravel/framework/src/Illuminate/Foundation/Console/Kernel.php(199): Illuminate\\Foundation\\Console\\Kernel->bootstrap()
#26 /home/u873845176/domains/rosybrown-lapwing-607509.hostingersite.com/public_html/artisan(37): Illuminate\\Foundation\\Console\\Kernel->handle()
#27 {main}

[previous exception] [object] (PDOException(code: 1045): SQLSTATE[HY000] [1045] Access denied for user 'root'@'127.0.0.1' (using password: NO) at /home/u873845176/domains/rosybrown-lapwing-607509.hostingersite.com/public_html/vendor/laravel/framework/src/Illuminate/Database/Connectors/Connector.php:65)
[stacktrace]
#0 /home/u873845176/domains/rosybrown-lapwing-607509.hostingersite.com/public_html/vendor/laravel/framework/src/Illuminate/Database/Connectors/Connector.php(65): PDO->__construct()
#1 /home/u873845176/domains/rosybrown-lapwing-607509.hostingersite.com/public_html/vendor/laravel/framework/src/Illuminate/Database/Connectors/Connector.php(45): Illuminate\\Database\\Connectors\\Connector->createPdoConnection()
#2 /home/u873845176/domains/rosybrown-lapwing-607509.hostingersite.com/public_html/vendor/laravel/framework/src/Illuminate/Database/Connectors/MySqlConnector.php(24): Illuminate\\Database\\Connectors\\Connector->createConnection()
#3 /home/u873845176/domains/rosybrown-lapwing-607509.hostingersite.com/public_html/vendor/laravel/framework/src/Illuminate/Database/Connectors/ConnectionFactory.php(184): Illuminate\\Database\\Connectors\\MySqlConnector->connect()
#4 [internal function]: Illuminate\\Database\\Connectors\\ConnectionFactory->Illuminate\\Database\\Connectors\\{closure}()
#5 /home/u873845176/domains/rosybrown-lapwing-607509.hostingersite.com/public_html/vendor/laravel/framework/src/Illuminate/Database/Connection.php(1339): call_user_func()
#6 /home/u873845176/domains/rosybrown-lapwing-607509.hostingersite.com/public_html/vendor/laravel/framework/src/Illuminate/Database/Connection.php(1375): Illuminate\\Database\\Connection->getPdo()
#7 /home/u873845176/domains/rosybrown-lapwing-607509.hostingersite.com/public_html/vendor/laravel/framework/src/Illuminate/Database/Connection.php(528): Illuminate\\Database\\Connection->getReadPdo()
#8 /home/u873845176/domains/rosybrown-lapwing-607509.hostingersite.com/public_html/vendor/laravel/framework/src/Illuminate/Database/Connection.php(423): Illuminate\\Database\\Connection->getPdoForSelect()
#9 /home/u873845176/domains/rosybrown-lapwing-607509.hostingersite.com/public_html/vendor/laravel/framework/src/Illuminate/Database/Connection.php(816): Illuminate\\Database\\Connection->Illuminate\\Database\\{closure}()
#10 /home/u873845176/domains/rosybrown-lapwing-607509.hostingersite.com/public_html/vendor/laravel/framework/src/Illuminate/Database/Connection.php(783): Illuminate\\Database\\Connection->runQueryCallback()
#11 /home/u873845176/domains/rosybrown-lapwing-607509.hostingersite.com/public_html/vendor/laravel/framework/src/Illuminate/Database/Connection.php(431): Illuminate\\Database\\Connection->run()
#12 /home/u873845176/domains/rosybrown-lapwing-607509.hostingersite.com/public_html/vendor/laravel/framework/src/Illuminate/Database/Query/Builder.php(2872): Illuminate\\Database\\Connection->select()
#13 /home/u873845176/domains/rosybrown-lapwing-607509.hostingersite.com/public_html/vendor/laravel/framework/src/Illuminate/Database/Query/Builder.php(2860): Illuminate\\Database\\Query\\Builder->runSelect()
#14 /home/u873845176/domains/rosybrown-lapwing-607509.hostingersite.com/public_html/vendor/laravel/framework/src/Illuminate/Database/Query/Builder.php(3414): Illuminate\\Database\\Query\\Builder->Illuminate\\Database\\Query\\{closure}()
#15 /home/u873845176/domains/rosybrown-lapwing-607509.hostingersite.com/public_html/vendor/laravel/framework/src/Illuminate/Database/Query/Builder.php(2861): Illuminate\\Database\\Query\\Builder->onceWithColumns()
#16 /home/u873845176/domains/rosybrown-lapwing-607509.hostingersite.com/public_html/vendor/laravel/framework/src/Illuminate/Database/Eloquent/Builder.php(739): Illuminate\\Database\\Query\\Builder->get()
#17 /home/u873845176/domains/rosybrown-lapwing-607509.hostingersite.com/public_html/vendor/laravel/framework/src/Illuminate/Database/Eloquent/Builder.php(723): Illuminate\\Database\\Eloquent\\Builder->getModels()
#18 /home/u873845176/domains/rosybrown-lapwing-607509.hostingersite.com/public_html/vendor/laravel/framework/src/Illuminate/Database/Concerns/BuildsQueries.php(333): Illuminate\\Database\\Eloquent\\Builder->get()
#19 /home/u873845176/domains/rosybrown-lapwing-607509.hostingersite.com/public_html/vendor/laravel/framework/src/Illuminate/Support/Traits/ForwardsCalls.php(23): Illuminate\\Database\\Eloquent\\Builder->first()
#20 /home/u873845176/domains/rosybrown-lapwing-607509.hostingersite.com/public_html/vendor/laravel/framework/src/Illuminate/Database/Eloquent/Model.php(2334): Illuminate\\Database\\Eloquent\\Model->forwardCallTo()
#21 /home/u873845176/domains/rosybrown-lapwing-607509.hostingersite.com/public_html/vendor/laravel/framework/src/Illuminate/Database/Eloquent/Model.php(2346): Illuminate\\Database\\Eloquent\\Model->__call()
#22 /home/u873845176/domains/rosybrown-lapwing-607509.hostingersite.com/public_html/app/Providers/AppServiceProvider.php(34): Illuminate\\Database\\Eloquent\\Model::__callStatic()
#23 /home/u873845176/domains/rosybrown-lapwing-607509.hostingersite.com/public_html/vendor/laravel/framework/src/Illuminate/Container/BoundMethod.php(36): App\\Providers\\AppServiceProvider->boot()
#24 /home/u873845176/domains/rosybrown-lapwing-607509.hostingersite.com/public_html/vendor/laravel/framework/src/Illuminate/Container/Util.php(41): Illuminate\\Container\\BoundMethod::Illuminate\\Container\\{closure}()
#25 /home/u873845176/domains/rosybrown-lapwing-607509.hostingersite.com/public_html/vendor/laravel/framework/src/Illuminate/Container/BoundMethod.php(93): Illuminate\\Container\\Util::unwrapIfClosure()
#26 /home/u873845176/domains/rosybrown-lapwing-607509.hostingersite.com/public_html/vendor/laravel/framework/src/Illuminate/Container/BoundMethod.php(37): Illuminate\\Container\\BoundMethod::callBoundMethod()
#27 /home/u873845176/domains/rosybrown-lapwing-607509.hostingersite.com/public_html/vendor/laravel/framework/src/Illuminate/Container/Container.php(662): Illuminate\\Container\\BoundMethod::call()
#28 /home/u873845176/domains/rosybrown-lapwing-607509.hostingersite.com/public_html/vendor/laravel/framework/src/Illuminate/Foundation/Application.php(1034): Illuminate\\Container\\Container->call()
#29 /home/u873845176/domains/rosybrown-lapwing-607509.hostingersite.com/public_html/vendor/laravel/framework/src/Illuminate/Foundation/Application.php(1015): Illuminate\\Foundation\\Application->bootProvider()
#30 [internal function]: Illuminate\\Foundation\\Application->Illuminate\\Foundation\\{closure}()
#31 /home/u873845176/domains/rosybrown-lapwing-607509.hostingersite.com/public_html/vendor/laravel/framework/src/Illuminate/Foundation/Application.php(1016): array_walk()
#32 /home/u873845176/domains/rosybrown-lapwing-607509.hostingersite.com/public_html/vendor/laravel/framework/src/Illuminate/Foundation/Bootstrap/BootProviders.php(17): Illuminate\\Foundation\\Application->boot()
#33 /home/u873845176/domains/rosybrown-lapwing-607509.hostingersite.com/public_html/vendor/laravel/framework/src/Illuminate/Foundation/Application.php(263): Illuminate\\Foundation\\Bootstrap\\BootProviders->bootstrap()
#34 /home/u873845176/domains/rosybrown-lapwing-607509.hostingersite.com/public_html/vendor/laravel/framework/src/Illuminate/Foundation/Console/Kernel.php(447): Illuminate\\Foundation\\Application->bootstrapWith()
#35 /home/u873845176/domains/rosybrown-lapwing-607509.hostingersite.com/public_html/vendor/laravel/framework/src/Illuminate/Foundation/Console/Kernel.php(199): Illuminate\\Foundation\\Console\\Kernel->bootstrap()
#36 /home/u873845176/domains/rosybrown-lapwing-607509.hostingersite.com/public_html/artisan(37): Illuminate\\Foundation\\Console\\Kernel->handle()
#37 {main}
"} 
[2024-09-27 10:29:15] local.ERROR: SQLSTATE[HY000] [1045] Access denied for user 'root'@'127.0.0.1' (using password: NO) (Connection: mysql, SQL: select * from `business_settings` limit 1) {"exception":"[object] (Illuminate\\Database\\QueryException(code: 1045): SQLSTATE[HY000] [1045] Access denied for user 'root'@'127.0.0.1' (using password: NO) (Connection: mysql, SQL: select * from `business_settings` limit 1) at /home/u873845176/domains/rosybrown-lapwing-607509.hostingersite.com/public_html/vendor/laravel/framework/src/Illuminate/Database/Connection.php:829)
[stacktrace]
#0 /home/u873845176/domains/rosybrown-lapwing-607509.hostingersite.com/public_html/vendor/laravel/framework/src/Illuminate/Database/Connection.php(783): Illuminate\\Database\\Connection->runQueryCallback()
#1 /home/u873845176/domains/rosybrown-lapwing-607509.hostingersite.com/public_html/vendor/laravel/framework/src/Illuminate/Database/Connection.php(431): Illuminate\\Database\\Connection->run()
#2 /home/u873845176/domains/rosybrown-lapwing-607509.hostingersite.com/public_html/vendor/laravel/framework/src/Illuminate/Database/Query/Builder.php(2872): Illuminate\\Database\\Connection->select()
#3 /home/u873845176/domains/rosybrown-lapwing-607509.hostingersite.com/public_html/vendor/laravel/framework/src/Illuminate/Database/Query/Builder.php(2860): Illuminate\\Database\\Query\\Builder->runSelect()
#4 /home/u873845176/domains/rosybrown-lapwing-607509.hostingersite.com/public_html/vendor/laravel/framework/src/Illuminate/Database/Query/Builder.php(3414): Illuminate\\Database\\Query\\Builder->Illuminate\\Database\\Query\\{closure}()
#5 /home/u873845176/domains/rosybrown-lapwing-607509.hostingersite.com/public_html/vendor/laravel/framework/src/Illuminate/Database/Query/Builder.php(2861): Illuminate\\Database\\Query\\Builder->onceWithColumns()
#6 /home/u873845176/domains/rosybrown-lapwing-607509.hostingersite.com/public_html/vendor/laravel/framework/src/Illuminate/Database/Eloquent/Builder.php(739): Illuminate\\Database\\Query\\Builder->get()
#7 /home/u873845176/domains/rosybrown-lapwing-607509.hostingersite.com/public_html/vendor/laravel/framework/src/Illuminate/Database/Eloquent/Builder.php(723): Illuminate\\Database\\Eloquent\\Builder->getModels()
#8 /home/u873845176/domains/rosybrown-lapwing-607509.hostingersite.com/public_html/vendor/laravel/framework/src/Illuminate/Database/Concerns/BuildsQueries.php(333): Illuminate\\Database\\Eloquent\\Builder->get()
#9 /home/u873845176/domains/rosybrown-lapwing-607509.hostingersite.com/public_html/vendor/laravel/framework/src/Illuminate/Support/Traits/ForwardsCalls.php(23): Illuminate\\Database\\Eloquent\\Builder->first()
#10 /home/u873845176/domains/rosybrown-lapwing-607509.hostingersite.com/public_html/vendor/laravel/framework/src/Illuminate/Database/Eloquent/Model.php(2334): Illuminate\\Database\\Eloquent\\Model->forwardCallTo()
#11 /home/u873845176/domains/rosybrown-lapwing-607509.hostingersite.com/public_html/vendor/laravel/framework/src/Illuminate/Database/Eloquent/Model.php(2346): Illuminate\\Database\\Eloquent\\Model->__call()
#12 /home/u873845176/domains/rosybrown-lapwing-607509.hostingersite.com/public_html/app/Providers/AppServiceProvider.php(34): Illuminate\\Database\\Eloquent\\Model::__callStatic()
#13 /home/u873845176/domains/rosybrown-lapwing-607509.hostingersite.com/public_html/vendor/laravel/framework/src/Illuminate/Container/BoundMethod.php(36): App\\Providers\\AppServiceProvider->boot()
#14 /home/u873845176/domains/rosybrown-lapwing-607509.hostingersite.com/public_html/vendor/laravel/framework/src/Illuminate/Container/Util.php(41): Illuminate\\Container\\BoundMethod::Illuminate\\Container\\{closure}()
#15 /home/u873845176/domains/rosybrown-lapwing-607509.hostingersite.com/public_html/vendor/laravel/framework/src/Illuminate/Container/BoundMethod.php(93): Illuminate\\Container\\Util::unwrapIfClosure()
#16 /home/u873845176/domains/rosybrown-lapwing-607509.hostingersite.com/public_html/vendor/laravel/framework/src/Illuminate/Container/BoundMethod.php(37): Illuminate\\Container\\BoundMethod::callBoundMethod()
#17 /home/u873845176/domains/rosybrown-lapwing-607509.hostingersite.com/public_html/vendor/laravel/framework/src/Illuminate/Container/Container.php(662): Illuminate\\Container\\BoundMethod::call()
#18 /home/u873845176/domains/rosybrown-lapwing-607509.hostingersite.com/public_html/vendor/laravel/framework/src/Illuminate/Foundation/Application.php(1034): Illuminate\\Container\\Container->call()
#19 /home/u873845176/domains/rosybrown-lapwing-607509.hostingersite.com/public_html/vendor/laravel/framework/src/Illuminate/Foundation/Application.php(1015): Illuminate\\Foundation\\Application->bootProvider()
#20 [internal function]: Illuminate\\Foundation\\Application->Illuminate\\Foundation\\{closure}()
#21 /home/u873845176/domains/rosybrown-lapwing-607509.hostingersite.com/public_html/vendor/laravel/framework/src/Illuminate/Foundation/Application.php(1016): array_walk()
#22 /home/u873845176/domains/rosybrown-lapwing-607509.hostingersite.com/public_html/vendor/laravel/framework/src/Illuminate/Foundation/Bootstrap/BootProviders.php(17): Illuminate\\Foundation\\Application->boot()
#23 /home/u873845176/domains/rosybrown-lapwing-607509.hostingersite.com/public_html/vendor/laravel/framework/src/Illuminate/Foundation/Application.php(263): Illuminate\\Foundation\\Bootstrap\\BootProviders->bootstrap()
#24 /home/u873845176/domains/rosybrown-lapwing-607509.hostingersite.com/public_html/vendor/laravel/framework/src/Illuminate/Foundation/Console/Kernel.php(447): Illuminate\\Foundation\\Application->bootstrapWith()
#25 /home/u873845176/domains/rosybrown-lapwing-607509.hostingersite.com/public_html/vendor/laravel/framework/src/Illuminate/Foundation/Console/Kernel.php(199): Illuminate\\Foundation\\Console\\Kernel->bootstrap()
#26 /home/u873845176/domains/rosybrown-lapwing-607509.hostingersite.com/public_html/artisan(37): Illuminate\\Foundation\\Console\\Kernel->handle()
#27 {main}

[previous exception] [object] (PDOException(code: 1045): SQLSTATE[HY000] [1045] Access denied for user 'root'@'127.0.0.1' (using password: NO) at /home/u873845176/domains/rosybrown-lapwing-607509.hostingersite.com/public_html/vendor/laravel/framework/src/Illuminate/Database/Connectors/Connector.php:65)
[stacktrace]
#0 /home/u873845176/domains/rosybrown-lapwing-607509.hostingersite.com/public_html/vendor/laravel/framework/src/Illuminate/Database/Connectors/Connector.php(65): PDO->__construct()
#1 /home/u873845176/domains/rosybrown-lapwing-607509.hostingersite.com/public_html/vendor/laravel/framework/src/Illuminate/Database/Connectors/Connector.php(45): Illuminate\\Database\\Connectors\\Connector->createPdoConnection()
#2 /home/u873845176/domains/rosybrown-lapwing-607509.hostingersite.com/public_html/vendor/laravel/framework/src/Illuminate/Database/Connectors/MySqlConnector.php(24): Illuminate\\Database\\Connectors\\Connector->createConnection()
#3 /home/u873845176/domains/rosybrown-lapwing-607509.hostingersite.com/public_html/vendor/laravel/framework/src/Illuminate/Database/Connectors/ConnectionFactory.php(184): Illuminate\\Database\\Connectors\\MySqlConnector->connect()
#4 [internal function]: Illuminate\\Database\\Connectors\\ConnectionFactory->Illuminate\\Database\\Connectors\\{closure}()
#5 /home/u873845176/domains/rosybrown-lapwing-607509.hostingersite.com/public_html/vendor/laravel/framework/src/Illuminate/Database/Connection.php(1339): call_user_func()
#6 /home/u873845176/domains/rosybrown-lapwing-607509.hostingersite.com/public_html/vendor/laravel/framework/src/Illuminate/Database/Connection.php(1375): Illuminate\\Database\\Connection->getPdo()
#7 /home/u873845176/domains/rosybrown-lapwing-607509.hostingersite.com/public_html/vendor/laravel/framework/src/Illuminate/Database/Connection.php(528): Illuminate\\Database\\Connection->getReadPdo()
#8 /home/u873845176/domains/rosybrown-lapwing-607509.hostingersite.com/public_html/vendor/laravel/framework/src/Illuminate/Database/Connection.php(423): Illuminate\\Database\\Connection->getPdoForSelect()
#9 /home/u873845176/domains/rosybrown-lapwing-607509.hostingersite.com/public_html/vendor/laravel/framework/src/Illuminate/Database/Connection.php(816): Illuminate\\Database\\Connection->Illuminate\\Database\\{closure}()
#10 /home/u873845176/domains/rosybrown-lapwing-607509.hostingersite.com/public_html/vendor/laravel/framework/src/Illuminate/Database/Connection.php(783): Illuminate\\Database\\Connection->runQueryCallback()
#11 /home/u873845176/domains/rosybrown-lapwing-607509.hostingersite.com/public_html/vendor/laravel/framework/src/Illuminate/Database/Connection.php(431): Illuminate\\Database\\Connection->run()
#12 /home/u873845176/domains/rosybrown-lapwing-607509.hostingersite.com/public_html/vendor/laravel/framework/src/Illuminate/Database/Query/Builder.php(2872): Illuminate\\Database\\Connection->select()
#13 /home/u873845176/domains/rosybrown-lapwing-607509.hostingersite.com/public_html/vendor/laravel/framework/src/Illuminate/Database/Query/Builder.php(2860): Illuminate\\Database\\Query\\Builder->runSelect()
#14 /home/u873845176/domains/rosybrown-lapwing-607509.hostingersite.com/public_html/vendor/laravel/framework/src/Illuminate/Database/Query/Builder.php(3414): Illuminate\\Database\\Query\\Builder->Illuminate\\Database\\Query\\{closure}()
#15 /home/u873845176/domains/rosybrown-lapwing-607509.hostingersite.com/public_html/vendor/laravel/framework/src/Illuminate/Database/Query/Builder.php(2861): Illuminate\\Database\\Query\\Builder->onceWithColumns()
#16 /home/u873845176/domains/rosybrown-lapwing-607509.hostingersite.com/public_html/vendor/laravel/framework/src/Illuminate/Database/Eloquent/Builder.php(739): Illuminate\\Database\\Query\\Builder->get()
#17 /home/u873845176/domains/rosybrown-lapwing-607509.hostingersite.com/public_html/vendor/laravel/framework/src/Illuminate/Database/Eloquent/Builder.php(723): Illuminate\\Database\\Eloquent\\Builder->getModels()
#18 /home/u873845176/domains/rosybrown-lapwing-607509.hostingersite.com/public_html/vendor/laravel/framework/src/Illuminate/Database/Concerns/BuildsQueries.php(333): Illuminate\\Database\\Eloquent\\Builder->get()
#19 /home/u873845176/domains/rosybrown-lapwing-607509.hostingersite.com/public_html/vendor/laravel/framework/src/Illuminate/Support/Traits/ForwardsCalls.php(23): Illuminate\\Database\\Eloquent\\Builder->first()
#20 /home/u873845176/domains/rosybrown-lapwing-607509.hostingersite.com/public_html/vendor/laravel/framework/src/Illuminate/Database/Eloquent/Model.php(2334): Illuminate\\Database\\Eloquent\\Model->forwardCallTo()
#21 /home/u873845176/domains/rosybrown-lapwing-607509.hostingersite.com/public_html/vendor/laravel/framework/src/Illuminate/Database/Eloquent/Model.php(2346): Illuminate\\Database\\Eloquent\\Model->__call()
#22 /home/u873845176/domains/rosybrown-lapwing-607509.hostingersite.com/public_html/app/Providers/AppServiceProvider.php(34): Illuminate\\Database\\Eloquent\\Model::__callStatic()
#23 /home/u873845176/domains/rosybrown-lapwing-607509.hostingersite.com/public_html/vendor/laravel/framework/src/Illuminate/Container/BoundMethod.php(36): App\\Providers\\AppServiceProvider->boot()
#24 /home/u873845176/domains/rosybrown-lapwing-607509.hostingersite.com/public_html/vendor/laravel/framework/src/Illuminate/Container/Util.php(41): Illuminate\\Container\\BoundMethod::Illuminate\\Container\\{closure}()
#25 /home/u873845176/domains/rosybrown-lapwing-607509.hostingersite.com/public_html/vendor/laravel/framework/src/Illuminate/Container/BoundMethod.php(93): Illuminate\\Container\\Util::unwrapIfClosure()
#26 /home/u873845176/domains/rosybrown-lapwing-607509.hostingersite.com/public_html/vendor/laravel/framework/src/Illuminate/Container/BoundMethod.php(37): Illuminate\\Container\\BoundMethod::callBoundMethod()
#27 /home/u873845176/domains/rosybrown-lapwing-607509.hostingersite.com/public_html/vendor/laravel/framework/src/Illuminate/Container/Container.php(662): Illuminate\\Container\\BoundMethod::call()
#28 /home/u873845176/domains/rosybrown-lapwing-607509.hostingersite.com/public_html/vendor/laravel/framework/src/Illuminate/Foundation/Application.php(1034): Illuminate\\Container\\Container->call()
#29 /home/u873845176/domains/rosybrown-lapwing-607509.hostingersite.com/public_html/vendor/laravel/framework/src/Illuminate/Foundation/Application.php(1015): Illuminate\\Foundation\\Application->bootProvider()
#30 [internal function]: Illuminate\\Foundation\\Application->Illuminate\\Foundation\\{closure}()
#31 /home/u873845176/domains/rosybrown-lapwing-607509.hostingersite.com/public_html/vendor/laravel/framework/src/Illuminate/Foundation/Application.php(1016): array_walk()
#32 /home/u873845176/domains/rosybrown-lapwing-607509.hostingersite.com/public_html/vendor/laravel/framework/src/Illuminate/Foundation/Bootstrap/BootProviders.php(17): Illuminate\\Foundation\\Application->boot()
#33 /home/u873845176/domains/rosybrown-lapwing-607509.hostingersite.com/public_html/vendor/laravel/framework/src/Illuminate/Foundation/Application.php(263): Illuminate\\Foundation\\Bootstrap\\BootProviders->bootstrap()
#34 /home/u873845176/domains/rosybrown-lapwing-607509.hostingersite.com/public_html/vendor/laravel/framework/src/Illuminate/Foundation/Console/Kernel.php(447): Illuminate\\Foundation\\Application->bootstrapWith()
#35 /home/u873845176/domains/rosybrown-lapwing-607509.hostingersite.com/public_html/vendor/laravel/framework/src/Illuminate/Foundation/Console/Kernel.php(199): Illuminate\\Foundation\\Console\\Kernel->bootstrap()
#36 /home/u873845176/domains/rosybrown-lapwing-607509.hostingersite.com/public_html/artisan(37): Illuminate\\Foundation\\Console\\Kernel->handle()
#37 {main}
"} 
[2024-09-27 10:39:47] local.ERROR: SQLSTATE[HY000] [1045] Access denied for user 'root'@'127.0.0.1' (using password: NO) (Connection: mysql, SQL: select * from `business_settings` limit 1) {"exception":"[object] (Illuminate\\Database\\QueryException(code: 1045): SQLSTATE[HY000] [1045] Access denied for user 'root'@'127.0.0.1' (using password: NO) (Connection: mysql, SQL: select * from `business_settings` limit 1) at /home/u873845176/domains/rosybrown-lapwing-607509.hostingersite.com/public_html/vendor/laravel/framework/src/Illuminate/Database/Connection.php:829)
[stacktrace]
#0 /home/u873845176/domains/rosybrown-lapwing-607509.hostingersite.com/public_html/vendor/laravel/framework/src/Illuminate/Database/Connection.php(783): Illuminate\\Database\\Connection->runQueryCallback()
#1 /home/u873845176/domains/rosybrown-lapwing-607509.hostingersite.com/public_html/vendor/laravel/framework/src/Illuminate/Database/Connection.php(431): Illuminate\\Database\\Connection->run()
#2 /home/u873845176/domains/rosybrown-lapwing-607509.hostingersite.com/public_html/vendor/laravel/framework/src/Illuminate/Database/Query/Builder.php(2872): Illuminate\\Database\\Connection->select()
#3 /home/u873845176/domains/rosybrown-lapwing-607509.hostingersite.com/public_html/vendor/laravel/framework/src/Illuminate/Database/Query/Builder.php(2860): Illuminate\\Database\\Query\\Builder->runSelect()
#4 /home/u873845176/domains/rosybrown-lapwing-607509.hostingersite.com/public_html/vendor/laravel/framework/src/Illuminate/Database/Query/Builder.php(3414): Illuminate\\Database\\Query\\Builder->Illuminate\\Database\\Query\\{closure}()
#5 /home/u873845176/domains/rosybrown-lapwing-607509.hostingersite.com/public_html/vendor/laravel/framework/src/Illuminate/Database/Query/Builder.php(2861): Illuminate\\Database\\Query\\Builder->onceWithColumns()
#6 /home/u873845176/domains/rosybrown-lapwing-607509.hostingersite.com/public_html/vendor/laravel/framework/src/Illuminate/Database/Eloquent/Builder.php(739): Illuminate\\Database\\Query\\Builder->get()
#7 /home/u873845176/domains/rosybrown-lapwing-607509.hostingersite.com/public_html/vendor/laravel/framework/src/Illuminate/Database/Eloquent/Builder.php(723): Illuminate\\Database\\Eloquent\\Builder->getModels()
#8 /home/u873845176/domains/rosybrown-lapwing-607509.hostingersite.com/public_html/vendor/laravel/framework/src/Illuminate/Database/Concerns/BuildsQueries.php(333): Illuminate\\Database\\Eloquent\\Builder->get()
#9 /home/u873845176/domains/rosybrown-lapwing-607509.hostingersite.com/public_html/vendor/laravel/framework/src/Illuminate/Support/Traits/ForwardsCalls.php(23): Illuminate\\Database\\Eloquent\\Builder->first()
#10 /home/u873845176/domains/rosybrown-lapwing-607509.hostingersite.com/public_html/vendor/laravel/framework/src/Illuminate/Database/Eloquent/Model.php(2334): Illuminate\\Database\\Eloquent\\Model->forwardCallTo()
#11 /home/u873845176/domains/rosybrown-lapwing-607509.hostingersite.com/public_html/vendor/laravel/framework/src/Illuminate/Database/Eloquent/Model.php(2346): Illuminate\\Database\\Eloquent\\Model->__call()
#12 /home/u873845176/domains/rosybrown-lapwing-607509.hostingersite.com/public_html/app/Providers/AppServiceProvider.php(34): Illuminate\\Database\\Eloquent\\Model::__callStatic()
#13 /home/u873845176/domains/rosybrown-lapwing-607509.hostingersite.com/public_html/vendor/laravel/framework/src/Illuminate/Container/BoundMethod.php(36): App\\Providers\\AppServiceProvider->boot()
#14 /home/u873845176/domains/rosybrown-lapwing-607509.hostingersite.com/public_html/vendor/laravel/framework/src/Illuminate/Container/Util.php(41): Illuminate\\Container\\BoundMethod::Illuminate\\Container\\{closure}()
#15 /home/u873845176/domains/rosybrown-lapwing-607509.hostingersite.com/public_html/vendor/laravel/framework/src/Illuminate/Container/BoundMethod.php(93): Illuminate\\Container\\Util::unwrapIfClosure()
#16 /home/u873845176/domains/rosybrown-lapwing-607509.hostingersite.com/public_html/vendor/laravel/framework/src/Illuminate/Container/BoundMethod.php(37): Illuminate\\Container\\BoundMethod::callBoundMethod()
#17 /home/u873845176/domains/rosybrown-lapwing-607509.hostingersite.com/public_html/vendor/laravel/framework/src/Illuminate/Container/Container.php(662): Illuminate\\Container\\BoundMethod::call()
#18 /home/u873845176/domains/rosybrown-lapwing-607509.hostingersite.com/public_html/vendor/laravel/framework/src/Illuminate/Foundation/Application.php(1034): Illuminate\\Container\\Container->call()
#19 /home/u873845176/domains/rosybrown-lapwing-607509.hostingersite.com/public_html/vendor/laravel/framework/src/Illuminate/Foundation/Application.php(1015): Illuminate\\Foundation\\Application->bootProvider()
#20 [internal function]: Illuminate\\Foundation\\Application->Illuminate\\Foundation\\{closure}()
#21 /home/u873845176/domains/rosybrown-lapwing-607509.hostingersite.com/public_html/vendor/laravel/framework/src/Illuminate/Foundation/Application.php(1016): array_walk()
#22 /home/u873845176/domains/rosybrown-lapwing-607509.hostingersite.com/public_html/vendor/laravel/framework/src/Illuminate/Foundation/Bootstrap/BootProviders.php(17): Illuminate\\Foundation\\Application->boot()
#23 /home/u873845176/domains/rosybrown-lapwing-607509.hostingersite.com/public_html/vendor/laravel/framework/src/Illuminate/Foundation/Application.php(263): Illuminate\\Foundation\\Bootstrap\\BootProviders->bootstrap()
#24 /home/u873845176/domains/rosybrown-lapwing-607509.hostingersite.com/public_html/vendor/laravel/framework/src/Illuminate/Foundation/Console/Kernel.php(447): Illuminate\\Foundation\\Application->bootstrapWith()
#25 /home/u873845176/domains/rosybrown-lapwing-607509.hostingersite.com/public_html/vendor/laravel/framework/src/Illuminate/Foundation/Console/Kernel.php(199): Illuminate\\Foundation\\Console\\Kernel->bootstrap()
#26 /home/u873845176/domains/rosybrown-lapwing-607509.hostingersite.com/public_html/artisan(37): Illuminate\\Foundation\\Console\\Kernel->handle()
#27 {main}

[previous exception] [object] (PDOException(code: 1045): SQLSTATE[HY000] [1045] Access denied for user 'root'@'127.0.0.1' (using password: NO) at /home/u873845176/domains/rosybrown-lapwing-607509.hostingersite.com/public_html/vendor/laravel/framework/src/Illuminate/Database/Connectors/Connector.php:65)
[stacktrace]
#0 /home/u873845176/domains/rosybrown-lapwing-607509.hostingersite.com/public_html/vendor/laravel/framework/src/Illuminate/Database/Connectors/Connector.php(65): PDO->__construct()
#1 /home/u873845176/domains/rosybrown-lapwing-607509.hostingersite.com/public_html/vendor/laravel/framework/src/Illuminate/Database/Connectors/Connector.php(45): Illuminate\\Database\\Connectors\\Connector->createPdoConnection()
#2 /home/u873845176/domains/rosybrown-lapwing-607509.hostingersite.com/public_html/vendor/laravel/framework/src/Illuminate/Database/Connectors/MySqlConnector.php(24): Illuminate\\Database\\Connectors\\Connector->createConnection()
#3 /home/u873845176/domains/rosybrown-lapwing-607509.hostingersite.com/public_html/vendor/laravel/framework/src/Illuminate/Database/Connectors/ConnectionFactory.php(184): Illuminate\\Database\\Connectors\\MySqlConnector->connect()
#4 [internal function]: Illuminate\\Database\\Connectors\\ConnectionFactory->Illuminate\\Database\\Connectors\\{closure}()
#5 /home/u873845176/domains/rosybrown-lapwing-607509.hostingersite.com/public_html/vendor/laravel/framework/src/Illuminate/Database/Connection.php(1339): call_user_func()
#6 /home/u873845176/domains/rosybrown-lapwing-607509.hostingersite.com/public_html/vendor/laravel/framework/src/Illuminate/Database/Connection.php(1375): Illuminate\\Database\\Connection->getPdo()
#7 /home/u873845176/domains/rosybrown-lapwing-607509.hostingersite.com/public_html/vendor/laravel/framework/src/Illuminate/Database/Connection.php(528): Illuminate\\Database\\Connection->getReadPdo()
#8 /home/u873845176/domains/rosybrown-lapwing-607509.hostingersite.com/public_html/vendor/laravel/framework/src/Illuminate/Database/Connection.php(423): Illuminate\\Database\\Connection->getPdoForSelect()
#9 /home/u873845176/domains/rosybrown-lapwing-607509.hostingersite.com/public_html/vendor/laravel/framework/src/Illuminate/Database/Connection.php(816): Illuminate\\Database\\Connection->Illuminate\\Database\\{closure}()
#10 /home/u873845176/domains/rosybrown-lapwing-607509.hostingersite.com/public_html/vendor/laravel/framework/src/Illuminate/Database/Connection.php(783): Illuminate\\Database\\Connection->runQueryCallback()
#11 /home/u873845176/domains/rosybrown-lapwing-607509.hostingersite.com/public_html/vendor/laravel/framework/src/Illuminate/Database/Connection.php(431): Illuminate\\Database\\Connection->run()
#12 /home/u873845176/domains/rosybrown-lapwing-607509.hostingersite.com/public_html/vendor/laravel/framework/src/Illuminate/Database/Query/Builder.php(2872): Illuminate\\Database\\Connection->select()
#13 /home/u873845176/domains/rosybrown-lapwing-607509.hostingersite.com/public_html/vendor/laravel/framework/src/Illuminate/Database/Query/Builder.php(2860): Illuminate\\Database\\Query\\Builder->runSelect()
#14 /home/u873845176/domains/rosybrown-lapwing-607509.hostingersite.com/public_html/vendor/laravel/framework/src/Illuminate/Database/Query/Builder.php(3414): Illuminate\\Database\\Query\\Builder->Illuminate\\Database\\Query\\{closure}()
#15 /home/u873845176/domains/rosybrown-lapwing-607509.hostingersite.com/public_html/vendor/laravel/framework/src/Illuminate/Database/Query/Builder.php(2861): Illuminate\\Database\\Query\\Builder->onceWithColumns()
#16 /home/u873845176/domains/rosybrown-lapwing-607509.hostingersite.com/public_html/vendor/laravel/framework/src/Illuminate/Database/Eloquent/Builder.php(739): Illuminate\\Database\\Query\\Builder->get()
#17 /home/u873845176/domains/rosybrown-lapwing-607509.hostingersite.com/public_html/vendor/laravel/framework/src/Illuminate/Database/Eloquent/Builder.php(723): Illuminate\\Database\\Eloquent\\Builder->getModels()
#18 /home/u873845176/domains/rosybrown-lapwing-607509.hostingersite.com/public_html/vendor/laravel/framework/src/Illuminate/Database/Concerns/BuildsQueries.php(333): Illuminate\\Database\\Eloquent\\Builder->get()
#19 /home/u873845176/domains/rosybrown-lapwing-607509.hostingersite.com/public_html/vendor/laravel/framework/src/Illuminate/Support/Traits/ForwardsCalls.php(23): Illuminate\\Database\\Eloquent\\Builder->first()
#20 /home/u873845176/domains/rosybrown-lapwing-607509.hostingersite.com/public_html/vendor/laravel/framework/src/Illuminate/Database/Eloquent/Model.php(2334): Illuminate\\Database\\Eloquent\\Model->forwardCallTo()
#21 /home/u873845176/domains/rosybrown-lapwing-607509.hostingersite.com/public_html/vendor/laravel/framework/src/Illuminate/Database/Eloquent/Model.php(2346): Illuminate\\Database\\Eloquent\\Model->__call()
#22 /home/u873845176/domains/rosybrown-lapwing-607509.hostingersite.com/public_html/app/Providers/AppServiceProvider.php(34): Illuminate\\Database\\Eloquent\\Model::__callStatic()
#23 /home/u873845176/domains/rosybrown-lapwing-607509.hostingersite.com/public_html/vendor/laravel/framework/src/Illuminate/Container/BoundMethod.php(36): App\\Providers\\AppServiceProvider->boot()
#24 /home/u873845176/domains/rosybrown-lapwing-607509.hostingersite.com/public_html/vendor/laravel/framework/src/Illuminate/Container/Util.php(41): Illuminate\\Container\\BoundMethod::Illuminate\\Container\\{closure}()
#25 /home/u873845176/domains/rosybrown-lapwing-607509.hostingersite.com/public_html/vendor/laravel/framework/src/Illuminate/Container/BoundMethod.php(93): Illuminate\\Container\\Util::unwrapIfClosure()
#26 /home/u873845176/domains/rosybrown-lapwing-607509.hostingersite.com/public_html/vendor/laravel/framework/src/Illuminate/Container/BoundMethod.php(37): Illuminate\\Container\\BoundMethod::callBoundMethod()
#27 /home/u873845176/domains/rosybrown-lapwing-607509.hostingersite.com/public_html/vendor/laravel/framework/src/Illuminate/Container/Container.php(662): Illuminate\\Container\\BoundMethod::call()
#28 /home/u873845176/domains/rosybrown-lapwing-607509.hostingersite.com/public_html/vendor/laravel/framework/src/Illuminate/Foundation/Application.php(1034): Illuminate\\Container\\Container->call()
#29 /home/u873845176/domains/rosybrown-lapwing-607509.hostingersite.com/public_html/vendor/laravel/framework/src/Illuminate/Foundation/Application.php(1015): Illuminate\\Foundation\\Application->bootProvider()
#30 [internal function]: Illuminate\\Foundation\\Application->Illuminate\\Foundation\\{closure}()
#31 /home/u873845176/domains/rosybrown-lapwing-607509.hostingersite.com/public_html/vendor/laravel/framework/src/Illuminate/Foundation/Application.php(1016): array_walk()
#32 /home/u873845176/domains/rosybrown-lapwing-607509.hostingersite.com/public_html/vendor/laravel/framework/src/Illuminate/Foundation/Bootstrap/BootProviders.php(17): Illuminate\\Foundation\\Application->boot()
#33 /home/u873845176/domains/rosybrown-lapwing-607509.hostingersite.com/public_html/vendor/laravel/framework/src/Illuminate/Foundation/Application.php(263): Illuminate\\Foundation\\Bootstrap\\BootProviders->bootstrap()
#34 /home/u873845176/domains/rosybrown-lapwing-607509.hostingersite.com/public_html/vendor/laravel/framework/src/Illuminate/Foundation/Console/Kernel.php(447): Illuminate\\Foundation\\Application->bootstrapWith()
#35 /home/u873845176/domains/rosybrown-lapwing-607509.hostingersite.com/public_html/vendor/laravel/framework/src/Illuminate/Foundation/Console/Kernel.php(199): Illuminate\\Foundation\\Console\\Kernel->bootstrap()
#36 /home/u873845176/domains/rosybrown-lapwing-607509.hostingersite.com/public_html/artisan(37): Illuminate\\Foundation\\Console\\Kernel->handle()
#37 {main}
"} 
